<?xml version="1.0" encoding="UTF-8"?>
<!-- Generated by org.testng.reporters.JUnitXMLReporter -->
<testsuite ignored="0" hostname="DESKTOP-M4I946I" failures="0" tests="10" name="Default test" time="182.006" errors="0" timestamp="2021-11-21T19:00:32 IST">
  <testcase classname="com.Comp.TestCases.Runnerclass" name="Clickforlogin" time="5.103"/>
  <testcase classname="com.Comp.TestCases.Runnerclass" name="ClickSearchBar" time="9.405"/>
  <testcase classname="com.Comp.TestCases.Runnerclass" name="Headerlink" time="16.287"/>
  <testcase classname="com.Comp.TestCases.Runnerclass" name="Headerhover" time="12.607"/>
  <testcase classname="com.Comp.TestCases.Runnerclass" name="ClickHomeWhats" time="11.943"/>
  <testcase classname="com.Comp.TestCases.Runnerclass" name="ClickWishlists" time="6.565"/>
  <testcase classname="com.Comp.TestCases.Runnerclass" name="ClickGiftCard" time="5.901"/>
  <testcase classname="com.Comp.TestCases.Runnerclass" name="ClickCart" time="3.368"/>
  <testcase classname="com.Comp.TestCases.Runnerclass" name="ClickHomeDecor" time="8.425"/>
  <testcase classname="com.Comp.TestCases.Runnerclass" name="ClickDCHome" time="9.128"/>
</testsuite> <!-- Default test -->
