<?xml version="1.0" encoding="UTF-8"?>
<testng-results ignored="0" total="10" passed="10" failed="0" skipped="0">
  <reporter-output>
  </reporter-output>
  <suite started-at="2021-11-21T18:57:30 IST" name="Default suite" finished-at="2021-11-21T19:00:32 IST" duration-ms="182006">
    <groups>
    </groups>
    <test started-at="2021-11-21T18:57:30 IST" name="Default test" finished-at="2021-11-21T19:00:32 IST" duration-ms="182006">
      <class name="com.Comp.TestCases.Runnerclass">
        <test-method is-config="true" signature="Driverinitialize()[pri:0, instance:com.Comp.TestCases.Runnerclass@4a3631f8]" started-at="2021-11-21T18:57:30 IST" name="Driverinitialize" finished-at="2021-11-21T18:57:38 IST" duration-ms="7274" status="PASS">
          <reporter-output>
          </reporter-output>
        </test-method> <!-- Driverinitialize -->
        <test-method signature="Clickforlogin(java.lang.String,java.lang.String)[pri:1, instance:com.Comp.TestCases.Runnerclass@4a3631f8]" started-at="2021-11-21T18:57:38 IST" name="Clickforlogin" data-provider="getvalue" finished-at="2021-11-21T18:57:43 IST" duration-ms="5103" status="PASS">
          <params>
            <param index="0">
              <value>
                <![CDATA[pulkitsinghhm@gmail.com]]>
              </value>
            </param>
            <param index="1">
              <value>
                <![CDATA[Pulkit@05]]>
              </value>
            </param>
          </params>
          <reporter-output>
          </reporter-output>
        </test-method> <!-- Clickforlogin -->
        <test-method is-config="true" signature="Dclose()[pri:0, instance:com.Comp.TestCases.Runnerclass@4a3631f8]" started-at="2021-11-21T18:57:43 IST" name="Dclose" finished-at="2021-11-21T18:57:43 IST" duration-ms="110" status="PASS">
          <reporter-output>
          </reporter-output>
        </test-method> <!-- Dclose -->
        <test-method is-config="true" signature="Driverinitialize()[pri:0, instance:com.Comp.TestCases.Runnerclass@4a3631f8]" started-at="2021-11-21T18:57:43 IST" name="Driverinitialize" finished-at="2021-11-21T18:57:50 IST" duration-ms="6917" status="PASS">
          <reporter-output>
          </reporter-output>
        </test-method> <!-- Driverinitialize -->
        <test-method signature="ClickSearchBar(java.lang.String)[pri:2, instance:com.Comp.TestCases.Runnerclass@4a3631f8]" started-at="2021-11-21T18:57:50 IST" name="ClickSearchBar" data-provider="getvalue1" finished-at="2021-11-21T18:57:59 IST" duration-ms="9405" status="PASS">
          <params>
            <param index="0">
              <value>
                <![CDATA[Gifts for kids]]>
              </value>
            </param>
          </params>
          <reporter-output>
          </reporter-output>
        </test-method> <!-- ClickSearchBar -->
        <test-method is-config="true" signature="Dclose()[pri:0, instance:com.Comp.TestCases.Runnerclass@4a3631f8]" started-at="2021-11-21T18:57:59 IST" name="Dclose" finished-at="2021-11-21T18:58:00 IST" duration-ms="211" status="PASS">
          <reporter-output>
          </reporter-output>
        </test-method> <!-- Dclose -->
        <test-method is-config="true" signature="Driverinitialize()[pri:0, instance:com.Comp.TestCases.Runnerclass@4a3631f8]" started-at="2021-11-21T18:58:00 IST" name="Driverinitialize" finished-at="2021-11-21T18:58:06 IST" duration-ms="6414" status="PASS">
          <reporter-output>
          </reporter-output>
        </test-method> <!-- Driverinitialize -->
        <test-method signature="Headerlink()[pri:3, instance:com.Comp.TestCases.Runnerclass@4a3631f8]" started-at="2021-11-21T18:58:06 IST" name="Headerlink" finished-at="2021-11-21T18:58:22 IST" duration-ms="16287" status="PASS">
          <reporter-output>
          </reporter-output>
        </test-method> <!-- Headerlink -->
        <test-method is-config="true" signature="Dclose()[pri:0, instance:com.Comp.TestCases.Runnerclass@4a3631f8]" started-at="2021-11-21T18:58:22 IST" name="Dclose" finished-at="2021-11-21T18:58:22 IST" duration-ms="181" status="PASS">
          <reporter-output>
          </reporter-output>
        </test-method> <!-- Dclose -->
        <test-method is-config="true" signature="Driverinitialize()[pri:0, instance:com.Comp.TestCases.Runnerclass@4a3631f8]" started-at="2021-11-21T18:58:22 IST" name="Driverinitialize" finished-at="2021-11-21T18:58:29 IST" duration-ms="6581" status="PASS">
          <reporter-output>
          </reporter-output>
        </test-method> <!-- Driverinitialize -->
        <test-method signature="Headerhover()[pri:4, instance:com.Comp.TestCases.Runnerclass@4a3631f8]" started-at="2021-11-21T18:58:29 IST" name="Headerhover" finished-at="2021-11-21T18:58:42 IST" duration-ms="12607" status="PASS">
          <reporter-output>
          </reporter-output>
        </test-method> <!-- Headerhover -->
        <test-method is-config="true" signature="Dclose()[pri:0, instance:com.Comp.TestCases.Runnerclass@4a3631f8]" started-at="2021-11-21T18:58:42 IST" name="Dclose" finished-at="2021-11-21T18:58:46 IST" duration-ms="4183" status="PASS">
          <reporter-output>
          </reporter-output>
        </test-method> <!-- Dclose -->
        <test-method is-config="true" signature="Driverinitialize()[pri:0, instance:com.Comp.TestCases.Runnerclass@4a3631f8]" started-at="2021-11-21T18:58:46 IST" name="Driverinitialize" finished-at="2021-11-21T18:58:53 IST" duration-ms="7200" status="PASS">
          <reporter-output>
          </reporter-output>
        </test-method> <!-- Driverinitialize -->
        <test-method signature="ClickHomeWhats()[pri:5, instance:com.Comp.TestCases.Runnerclass@4a3631f8]" started-at="2021-11-21T18:58:53 IST" name="ClickHomeWhats" finished-at="2021-11-21T18:59:05 IST" duration-ms="11943" status="PASS">
          <reporter-output>
          </reporter-output>
        </test-method> <!-- ClickHomeWhats -->
        <test-method is-config="true" signature="Dclose()[pri:0, instance:com.Comp.TestCases.Runnerclass@4a3631f8]" started-at="2021-11-21T18:59:05 IST" name="Dclose" finished-at="2021-11-21T18:59:09 IST" duration-ms="4189" status="PASS">
          <reporter-output>
          </reporter-output>
        </test-method> <!-- Dclose -->
        <test-method is-config="true" signature="Driverinitialize()[pri:0, instance:com.Comp.TestCases.Runnerclass@4a3631f8]" started-at="2021-11-21T18:59:09 IST" name="Driverinitialize" finished-at="2021-11-21T18:59:16 IST" duration-ms="7182" status="PASS">
          <reporter-output>
          </reporter-output>
        </test-method> <!-- Driverinitialize -->
        <test-method signature="ClickWishlists()[pri:6, instance:com.Comp.TestCases.Runnerclass@4a3631f8]" started-at="2021-11-21T18:59:16 IST" name="ClickWishlists" finished-at="2021-11-21T18:59:23 IST" duration-ms="6565" status="PASS">
          <reporter-output>
          </reporter-output>
        </test-method> <!-- ClickWishlists -->
        <test-method is-config="true" signature="Dclose()[pri:0, instance:com.Comp.TestCases.Runnerclass@4a3631f8]" started-at="2021-11-21T18:59:23 IST" name="Dclose" finished-at="2021-11-21T18:59:27 IST" duration-ms="4220" status="PASS">
          <reporter-output>
          </reporter-output>
        </test-method> <!-- Dclose -->
        <test-method is-config="true" signature="Driverinitialize()[pri:0, instance:com.Comp.TestCases.Runnerclass@4a3631f8]" started-at="2021-11-21T18:59:27 IST" name="Driverinitialize" finished-at="2021-11-21T18:59:33 IST" duration-ms="6110" status="PASS">
          <reporter-output>
          </reporter-output>
        </test-method> <!-- Driverinitialize -->
        <test-method signature="ClickGiftCard()[pri:7, instance:com.Comp.TestCases.Runnerclass@4a3631f8]" started-at="2021-11-21T18:59:33 IST" name="ClickGiftCard" finished-at="2021-11-21T18:59:39 IST" duration-ms="5901" status="PASS">
          <reporter-output>
          </reporter-output>
        </test-method> <!-- ClickGiftCard -->
        <test-method is-config="true" signature="Dclose()[pri:0, instance:com.Comp.TestCases.Runnerclass@4a3631f8]" started-at="2021-11-21T18:59:39 IST" name="Dclose" finished-at="2021-11-21T18:59:43 IST" duration-ms="4219" status="PASS">
          <reporter-output>
          </reporter-output>
        </test-method> <!-- Dclose -->
        <test-method is-config="true" signature="Driverinitialize()[pri:0, instance:com.Comp.TestCases.Runnerclass@4a3631f8]" started-at="2021-11-21T18:59:43 IST" name="Driverinitialize" finished-at="2021-11-21T18:59:49 IST" duration-ms="6182" status="PASS">
          <reporter-output>
          </reporter-output>
        </test-method> <!-- Driverinitialize -->
        <test-method signature="ClickCart()[pri:8, instance:com.Comp.TestCases.Runnerclass@4a3631f8]" started-at="2021-11-21T18:59:49 IST" name="ClickCart" finished-at="2021-11-21T18:59:53 IST" duration-ms="3368" status="PASS">
          <reporter-output>
          </reporter-output>
        </test-method> <!-- ClickCart -->
        <test-method is-config="true" signature="Dclose()[pri:0, instance:com.Comp.TestCases.Runnerclass@4a3631f8]" started-at="2021-11-21T18:59:53 IST" name="Dclose" finished-at="2021-11-21T18:59:53 IST" duration-ms="245" status="PASS">
          <reporter-output>
          </reporter-output>
        </test-method> <!-- Dclose -->
        <test-method is-config="true" signature="Driverinitialize()[pri:0, instance:com.Comp.TestCases.Runnerclass@4a3631f8]" started-at="2021-11-21T18:59:53 IST" name="Driverinitialize" finished-at="2021-11-21T18:59:59 IST" duration-ms="6266" status="PASS">
          <reporter-output>
          </reporter-output>
        </test-method> <!-- Driverinitialize -->
        <test-method signature="ClickHomeDecor()[pri:9, instance:com.Comp.TestCases.Runnerclass@4a3631f8]" started-at="2021-11-21T18:59:59 IST" name="ClickHomeDecor" finished-at="2021-11-21T19:00:08 IST" duration-ms="8425" status="PASS">
          <reporter-output>
          </reporter-output>
        </test-method> <!-- ClickHomeDecor -->
        <test-method is-config="true" signature="Dclose()[pri:0, instance:com.Comp.TestCases.Runnerclass@4a3631f8]" started-at="2021-11-21T19:00:08 IST" name="Dclose" finished-at="2021-11-21T19:00:12 IST" duration-ms="4208" status="PASS">
          <reporter-output>
          </reporter-output>
        </test-method> <!-- Dclose -->
        <test-method is-config="true" signature="Driverinitialize()[pri:0, instance:com.Comp.TestCases.Runnerclass@4a3631f8]" started-at="2021-11-21T19:00:12 IST" name="Driverinitialize" finished-at="2021-11-21T19:00:18 IST" duration-ms="6447" status="PASS">
          <reporter-output>
          </reporter-output>
        </test-method> <!-- Driverinitialize -->
        <test-method signature="ClickDCHome()[pri:10, instance:com.Comp.TestCases.Runnerclass@4a3631f8]" started-at="2021-11-21T19:00:18 IST" name="ClickDCHome" finished-at="2021-11-21T19:00:28 IST" duration-ms="9128" status="PASS">
          <reporter-output>
          </reporter-output>
        </test-method> <!-- ClickDCHome -->
        <test-method is-config="true" signature="Dclose()[pri:0, instance:com.Comp.TestCases.Runnerclass@4a3631f8]" started-at="2021-11-21T19:00:28 IST" name="Dclose" finished-at="2021-11-21T19:00:32 IST" duration-ms="4180" status="PASS">
          <reporter-output>
          </reporter-output>
        </test-method> <!-- Dclose -->
      </class> <!-- com.Comp.TestCases.Runnerclass -->
    </test> <!-- Default test -->
  </suite> <!-- Default suite -->
</testng-results>
